

Version:	3.50
CmdLine:	D:\frame\qlsv-swing\qlsv.exe --l4j-debug
JNI:		No
WOW64:		Yes
Working dir:	D:\frame\qlsv-swing\.
Requires JDK:	No
Requires 64-Bit: No
Java min ver:	1.008.000
Java max ver:	
Substitute:	JAVA_HOME = C:\Program File\Java\jdk-22
Substitute:	PATH = C:\Program Files\Common Files\Oracle\Java\javapath;C:\Program Files (x86)\Common Files\Oracle\Java\java8path;C:\Program Files (x86)\Common Files\Oracle\Java\javapath;C:\WINDOWS\system32;C:\WINDOWS;C:\WINDOWS\System32\Wbem;C:\WINDOWS\System32\WindowsPowerShell\v1.0\;C:\WINDOWS\System32\OpenSSH\;C:\Program Files\dotnet\;C:\Users\Mr Thang\AppData\Local\Microsoft\WindowsApps;C:\Users\Mr Thang\AppData\Local\Programs\Microsoft VS Code\bin;C:\mingw64\bin;C:\Users\Mr Thang\AppData\Local\GitHubDesktop\bin;C:\Users\Mr Thang\.dotnet\tools;C:\Program Files\Java\jre-1.8\bin
JRE paths:	C:\Program File\Java\jdk-22;C:\Program Files\Common Files\Oracle\Java\javapath;C:\Program Files (x86)\Common Files\Oracle\Java\java8path;C:\Program Files (x86)\Common Files\Oracle\Java\javapath;C:\WINDOWS\system32;C:\WINDOWS;C:\WINDOWS\System32\Wbem;C:\WINDOWS\System32\WindowsPowerShell\v1.0\;C:\WINDOWS\System32\OpenSSH\;C:\Program Files\dotnet\;C:\Users\Mr Thang\AppData\Local\Microsoft\WindowsApps;C:\Users\Mr Thang\AppData\Local\Programs\Microsoft VS Code\bin;C:\mingw64\bin;C:\Users\Mr Thang\AppData\Local\GitHubDesktop\bin;C:\Users\Mr Thang\.dotnet\tools;C:\Program Files\Java\jre-1.8\bin
Check launcher:	C:\Program File\Java\jdk-22\bin\javaw.exe (not found)
Check launcher:	C:\Program Files\Common Files\Oracle\Java\javapath\bin\javaw.exe (not found)
Check launcher:	C:\Program Files (x86)\Common Files\Oracle\Java\java8path\bin\javaw.exe (not found)
Check launcher:	C:\Program Files (x86)\Common Files\Oracle\Java\javapath\bin\javaw.exe (not found)
Check launcher:	C:\WINDOWS\system32\bin\javaw.exe (not found)
Check launcher:	C:\WINDOWS\bin\javaw.exe (not found)
Check launcher:	C:\WINDOWS\System32\Wbem\bin\javaw.exe (not found)
Check launcher:	C:\WINDOWS\System32\WindowsPowerShell\v1.0\bin\javaw.exe (not found)
Check launcher:	C:\WINDOWS\System32\OpenSSH\bin\javaw.exe (not found)
Check launcher:	C:\Program Files\dotnet\bin\javaw.exe (not found)
Check launcher:	C:\Users\Mr Thang\AppData\Local\Microsoft\WindowsApps\bin\javaw.exe (not found)
Check launcher:	C:\Users\Mr Thang\AppData\Local\Programs\Microsoft VS Code\bin\javaw.exe (not found)
Check launcher:	C:\mingw64\bin\javaw.exe (not found)
Check launcher:	C:\Users\Mr Thang\AppData\Local\GitHubDesktop\bin\javaw.exe (not found)
Check launcher:	C:\Users\Mr Thang\.dotnet\tools\bin\javaw.exe (not found)
Check launcher:	C:\Program Files\Java\jre-1.8\bin\javaw.exe (OK)
Version string: 1.008.000_411 / 64-Bit (OK)
Launcher:	C:\Program Files\Java\jre-1.8\bin\javaw.exe
Launcher args:	-jar "D:\frame\qlsv-swing\qlsv.exe"
Args length:	35/32768 chars
Exit code:	0


Version:	3.50
CmdLine:	D:\frame\qlsv-swing\qlsv.exe --l4j-debug
JNI:		No
WOW64:		Yes
Working dir:	D:\frame\qlsv-swing\.
Requires JDK:	No
Requires 64-Bit: No
Java min ver:	1.008.000
Java max ver:	
Substitute:	JAVA_HOME = C:\Program File\Java\jdk-22
Substitute:	PATH = C:\Program Files\Common Files\Oracle\Java\javapath;C:\Program Files (x86)\Common Files\Oracle\Java\java8path;C:\Program Files (x86)\Common Files\Oracle\Java\javapath;C:\WINDOWS\system32;C:\WINDOWS;C:\WINDOWS\System32\Wbem;C:\WINDOWS\System32\WindowsPowerShell\v1.0\;C:\WINDOWS\System32\OpenSSH\;C:\Program Files\dotnet\;C:\Users\Mr Thang\AppData\Local\Microsoft\WindowsApps;C:\Users\Mr Thang\AppData\Local\Programs\Microsoft VS Code\bin;C:\mingw64\bin;C:\Users\Mr Thang\AppData\Local\GitHubDesktop\bin;C:\Users\Mr Thang\.dotnet\tools;C:\Program Files\Java\jre-1.8\bin
JRE paths:	C:\Program File\Java\jdk-22;C:\Program Files\Common Files\Oracle\Java\javapath;C:\Program Files (x86)\Common Files\Oracle\Java\java8path;C:\Program Files (x86)\Common Files\Oracle\Java\javapath;C:\WINDOWS\system32;C:\WINDOWS;C:\WINDOWS\System32\Wbem;C:\WINDOWS\System32\WindowsPowerShell\v1.0\;C:\WINDOWS\System32\OpenSSH\;C:\Program Files\dotnet\;C:\Users\Mr Thang\AppData\Local\Microsoft\WindowsApps;C:\Users\Mr Thang\AppData\Local\Programs\Microsoft VS Code\bin;C:\mingw64\bin;C:\Users\Mr Thang\AppData\Local\GitHubDesktop\bin;C:\Users\Mr Thang\.dotnet\tools;C:\Program Files\Java\jre-1.8\bin
Check launcher:	C:\Program File\Java\jdk-22\bin\javaw.exe (not found)
Check launcher:	C:\Program Files\Common Files\Oracle\Java\javapath\bin\javaw.exe (not found)
Check launcher:	C:\Program Files (x86)\Common Files\Oracle\Java\java8path\bin\javaw.exe (not found)
Check launcher:	C:\Program Files (x86)\Common Files\Oracle\Java\javapath\bin\javaw.exe (not found)
Check launcher:	C:\WINDOWS\system32\bin\javaw.exe (not found)
Check launcher:	C:\WINDOWS\bin\javaw.exe (not found)
Check launcher:	C:\WINDOWS\System32\Wbem\bin\javaw.exe (not found)
Check launcher:	C:\WINDOWS\System32\WindowsPowerShell\v1.0\bin\javaw.exe (not found)
Check launcher:	C:\WINDOWS\System32\OpenSSH\bin\javaw.exe (not found)
Check launcher:	C:\Program Files\dotnet\bin\javaw.exe (not found)
Check launcher:	C:\Users\Mr Thang\AppData\Local\Microsoft\WindowsApps\bin\javaw.exe (not found)
Check launcher:	C:\Users\Mr Thang\AppData\Local\Programs\Microsoft VS Code\bin\javaw.exe (not found)
Check launcher:	C:\mingw64\bin\javaw.exe (not found)
Check launcher:	C:\Users\Mr Thang\AppData\Local\GitHubDesktop\bin\javaw.exe (not found)
Check launcher:	C:\Users\Mr Thang\.dotnet\tools\bin\javaw.exe (not found)
Check launcher:	C:\Program Files\Java\jre-1.8\bin\javaw.exe (OK)
Version string: 1.008.000_411 / 64-Bit (OK)
Launcher:	C:\Program Files\Java\jre-1.8\bin\javaw.exe
Launcher args:	-jar "D:\frame\qlsv-swing\qlsv.exe"
Args length:	35/32768 chars
Exit code:	0


Version:	3.50
CmdLine:	D:\frame\qlsv-swing\qlsv.exe --l4j-debug
JNI:		No
WOW64:		Yes
Working dir:	D:\frame\qlsv-swing\.
Requires JDK:	No
Requires 64-Bit: No
Java min ver:	1.008.000
Java max ver:	
Substitute:	JAVA_HOME = C:\Program File\Java\jdk-22
Substitute:	PATH = C:\Program Files\Common Files\Oracle\Java\javapath;C:\Program Files (x86)\Common Files\Oracle\Java\java8path;C:\Program Files (x86)\Common Files\Oracle\Java\javapath;C:\WINDOWS\system32;C:\WINDOWS;C:\WINDOWS\System32\Wbem;C:\WINDOWS\System32\WindowsPowerShell\v1.0\;C:\WINDOWS\System32\OpenSSH\;C:\Program Files\dotnet\;C:\Users\Mr Thang\AppData\Local\Microsoft\WindowsApps;C:\Users\Mr Thang\AppData\Local\Programs\Microsoft VS Code\bin;C:\mingw64\bin;C:\Users\Mr Thang\AppData\Local\GitHubDesktop\bin;C:\Users\Mr Thang\.dotnet\tools;C:\Program Files\Java\jre-1.8\bin
JRE paths:	C:\Program File\Java\jdk-22;C:\Program Files\Common Files\Oracle\Java\javapath;C:\Program Files (x86)\Common Files\Oracle\Java\java8path;C:\Program Files (x86)\Common Files\Oracle\Java\javapath;C:\WINDOWS\system32;C:\WINDOWS;C:\WINDOWS\System32\Wbem;C:\WINDOWS\System32\WindowsPowerShell\v1.0\;C:\WINDOWS\System32\OpenSSH\;C:\Program Files\dotnet\;C:\Users\Mr Thang\AppData\Local\Microsoft\WindowsApps;C:\Users\Mr Thang\AppData\Local\Programs\Microsoft VS Code\bin;C:\mingw64\bin;C:\Users\Mr Thang\AppData\Local\GitHubDesktop\bin;C:\Users\Mr Thang\.dotnet\tools;C:\Program Files\Java\jre-1.8\bin
Check launcher:	C:\Program File\Java\jdk-22\bin\javaw.exe (not found)
Check launcher:	C:\Program Files\Common Files\Oracle\Java\javapath\bin\javaw.exe (not found)
Check launcher:	C:\Program Files (x86)\Common Files\Oracle\Java\java8path\bin\javaw.exe (not found)
Check launcher:	C:\Program Files (x86)\Common Files\Oracle\Java\javapath\bin\javaw.exe (not found)
Check launcher:	C:\WINDOWS\system32\bin\javaw.exe (not found)
Check launcher:	C:\WINDOWS\bin\javaw.exe (not found)
Check launcher:	C:\WINDOWS\System32\Wbem\bin\javaw.exe (not found)
Check launcher:	C:\WINDOWS\System32\WindowsPowerShell\v1.0\bin\javaw.exe (not found)
Check launcher:	C:\WINDOWS\System32\OpenSSH\bin\javaw.exe (not found)
Check launcher:	C:\Program Files\dotnet\bin\javaw.exe (not found)
Check launcher:	C:\Users\Mr Thang\AppData\Local\Microsoft\WindowsApps\bin\javaw.exe (not found)
Check launcher:	C:\Users\Mr Thang\AppData\Local\Programs\Microsoft VS Code\bin\javaw.exe (not found)
Check launcher:	C:\mingw64\bin\javaw.exe (not found)
Check launcher:	C:\Users\Mr Thang\AppData\Local\GitHubDesktop\bin\javaw.exe (not found)
Check launcher:	C:\Users\Mr Thang\.dotnet\tools\bin\javaw.exe (not found)
Check launcher:	C:\Program Files\Java\jre-1.8\bin\javaw.exe (OK)
Version string: 1.008.000_411 / 64-Bit (OK)
Launcher:	C:\Program Files\Java\jre-1.8\bin\javaw.exe
Launcher args:	-jar "D:\frame\qlsv-swing\qlsv.exe"
Args length:	35/32768 chars
Exit code:	0
